make[1]: Entering directory '/home/runner/work/packages-compile/packages-compile/openwrt'
make[2]: Entering directory '/home/runner/work/packages-compile/packages-compile/openwrt/feeds/base/package/utils/lua'
mkdir -p /home/runner/work/packages-compile/packages-compile/openwrt/dl
SHELL= flock /home/runner/work/packages-compile/packages-compile/openwrt/tmp/.lua-5.1.5.tar.gz.flock -c '  	/home/runner/work/packages-compile/packages-compile/openwrt/scripts/download.pl "/home/runner/work/packages-compile/packages-compile/openwrt/dl" "lua-5.1.5.tar.gz" "2640fc56a795f29d28ef15e13c34a47e223960b0240e8cb0a82d9b0738695333" "" "http://www.lua.org/ftp/" "http://www.tecgraf.puc-rio.br/lua/ftp/"    '
make[2]: Leaving directory '/home/runner/work/packages-compile/packages-compile/openwrt/feeds/base/package/utils/lua'
time: package/feeds/base/lua/host-compile#0.31#0.12#0.36
make[2]: Entering directory '/home/runner/work/packages-compile/packages-compile/openwrt/feeds/packages/lang/golang/golang'
mkdir -p /home/runner/work/packages-compile/packages-compile/openwrt/dl
SHELL= flock /home/runner/work/packages-compile/packages-compile/openwrt/tmp/.go1.4-bootstrap-20171003.tar.gz.flock -c '  	/home/runner/work/packages-compile/packages-compile/openwrt/scripts/download.pl "/home/runner/work/packages-compile/packages-compile/openwrt/dl" "go1.4-bootstrap-20171003.tar.gz" "f4ff5b5eb3a3cae1c993723f3eab519c5bae18866b5e5f96fe1102f0cb5c3e52" "" "https://dl.google.com/go/" "https://mirrors.ustc.edu.cn/golang/" "https://mirrors.nju.edu.cn/golang/" "https://golang.org/dl/"    '
mkdir -p /home/runner/work/packages-compile/packages-compile/openwrt/dl
SHELL= flock /home/runner/work/packages-compile/packages-compile/openwrt/tmp/.go1.16.src.tar.gz.flock -c '  	/home/runner/work/packages-compile/packages-compile/openwrt/scripts/download.pl "/home/runner/work/packages-compile/packages-compile/openwrt/dl" "go1.16.src.tar.gz" "7688063d55656105898f323d90a79a39c378d86fe89ae192eb3b7fc46347c95a" "" "https://dl.google.com/go/" "https://mirrors.ustc.edu.cn/golang/" "https://mirrors.nju.edu.cn/golang/" "https://golang.org/dl/"    '
make[2]: Leaving directory '/home/runner/work/packages-compile/packages-compile/openwrt/feeds/packages/lang/golang/golang'
time: package/feeds/packages/golang/host-compile#0.64#0.37#0.79
make[2]: Entering directory '/home/runner/work/packages-compile/packages-compile/openwrt/package/toolchain'
Makefile:737: WARNING: skipping libgomp -- package has no install section
echo "libc" >> /home/runner/work/packages-compile/packages-compile/openwrt/staging_dir/target-mipsel_24kc_musl/pkginfo/toolchain.default.install
echo "libgcc" >> /home/runner/work/packages-compile/packages-compile/openwrt/staging_dir/target-mipsel_24kc_musl/pkginfo/toolchain.default.install
echo "libpthread" >> /home/runner/work/packages-compile/packages-compile/openwrt/staging_dir/target-mipsel_24kc_musl/pkginfo/toolchain.default.install
make[2]: Leaving directory '/home/runner/work/packages-compile/packages-compile/openwrt/package/toolchain'
time: package/toolchain/compile#0.29#0.10#0.36
make[2]: Entering directory '/home/runner/work/packages-compile/packages-compile/openwrt/feeds/custom/gowebdav'
mkdir -p /home/runner/work/packages-compile/packages-compile/openwrt/dl
SHELL= flock /home/runner/work/packages-compile/packages-compile/openwrt/tmp/.gowebdav-0.0.1.tar.gz.flock -c '  	/home/runner/work/packages-compile/packages-compile/openwrt/scripts/download.pl "/home/runner/work/packages-compile/packages-compile/openwrt/dl" "gowebdav-0.0.1.tar.gz" "skip" "" "https://codeload.github.com/1715173329/gowebdav/tar.gz/v0.0.1?"    '
rm -f /home/runner/work/packages-compile/packages-compile/openwrt/build_dir/target-mipsel_24kc_musl/gowebdav-0.0.1/.built
touch /home/runner/work/packages-compile/packages-compile/openwrt/build_dir/target-mipsel_24kc_musl/gowebdav-0.0.1/.built_check
CONFIG_GOLANG_MOD_CACHE_WORLD_READABLE="" GO_BUILD_CACHE_DIR="/home/runner/work/packages-compile/packages-compile/openwrt/tmp/go-build" GO_MOD_CACHE_DIR="/home/runner/work/packages-compile/packages-compile/openwrt/dl/go-mod-cache" GO_MOD_ARGS="-modcacherw" GO_PKG="gowebdav" GO_INSTALL_EXTRA="" GO_INSTALL_ALL="" GO_SOURCE_ONLY="" GO_BUILD_PKG="gowebdav/..." GO_EXCLUDES="" GO_GO_GENERATE="" GO_INSTALL_BIN_PATH="/usr/bin" BUILD_DIR="/home/runner/work/packages-compile/packages-compile/openwrt/build_dir/target-mipsel_24kc_musl/gowebdav-0.0.1" GO_BUILD_DIR="/home/runner/work/packages-compile/packages-compile/openwrt/build_dir/target-mipsel_24kc_musl/gowebdav-0.0.1/.go_work/build" GO_BUILD_BIN_DIR="/home/runner/work/packages-compile/packages-compile/openwrt/build_dir/target-mipsel_24kc_musl/gowebdav-0.0.1/.go_work/build/bin/linux_mipsle" GO_BUILD_DEPENDS_PATH="/usr/share/gocode" GO_BUILD_DEPENDS_SRC="/home/runner/work/packages-compile/packages-compile/openwrt/staging_dir/target-mipsel_24kc_musl/usr/share/gocode/src" GOOS="linux" GOARCH="mipsle" GO386="" GOARM="" GOMIPS="softfloat" GOMIPS64="" CGO_ENABLED=1 CC="ccache_cc" CXX="ccache_cxx" CGO_CFLAGS="-Os -pipe -mno-branch-likely -mtune=24kc -fno-caller-saves -fno-plt -fhonour-copts -Wno-error=unused-but-set-variable -Wno-error=unused-result -msoft-float -ffile-prefix-map=/home/runner/work/packages-compile/packages-compile/openwrt/build_dir/target-mipsel_24kc_musl/gowebdav-0.0.1=gowebdav-0.0.1 -Wformat -Werror=format-security -fstack-protector -D_FORTIFY_SOURCE=1 -Wl,-z,now -Wl,-z,relro" CGO_CPPFLAGS="-I/home/runner/work/packages-compile/packages-compile/openwrt/staging_dir/toolchain-mipsel_24kc_gcc-8.4.0_musl/usr/include -I/home/runner/work/packages-compile/packages-compile/openwrt/staging_dir/toolchain-mipsel_24kc_gcc-8.4.0_musl/include/fortify -I/home/runner/work/packages-compile/packages-compile/openwrt/staging_dir/toolchain-mipsel_24kc_gcc-8.4.0_musl/include" CGO_CXXFLAGS="-Os -pipe -mno-branch-likely -mtune=24kc -fno-caller-saves -fno-plt -fhonour-copts -Wno-error=unused-but-set-variable -Wno-error=unused-result -msoft-float -ffile-prefix-map=/home/runner/work/packages-compile/packages-compile/openwrt/build_dir/target-mipsel_24kc_musl/gowebdav-0.0.1=gowebdav-0.0.1 -Wformat -Werror=format-security -fstack-protector -D_FORTIFY_SOURCE=1 -Wl,-z,now -Wl,-z,relro" CGO_LDFLAGS="-L/home/runner/work/packages-compile/packages-compile/openwrt/staging_dir/toolchain-mipsel_24kc_gcc-8.4.0_musl/usr/lib -L/home/runner/work/packages-compile/packages-compile/openwrt/staging_dir/toolchain-mipsel_24kc_gcc-8.4.0_musl/lib -znow -zrelro" GOPATH="/home/runner/work/packages-compile/packages-compile/openwrt/build_dir/target-mipsel_24kc_musl/gowebdav-0.0.1/.go_work/build" GOCACHE="/home/runner/work/packages-compile/packages-compile/openwrt/tmp/go-build" GOMODCACHE="/home/runner/work/packages-compile/packages-compile/openwrt/dl/go-mod-cache" GOENV=off /usr/bin/env bash /home/runner/work/packages-compile/packages-compile/openwrt/feeds/packages/lang/golang//golang-build.sh build -v -trimpath -ldflags "all=-buildid '1614449667' -linkmode external -extldflags '-L/home/runner/work/packages-compile/packages-compile/openwrt/staging_dir/toolchain-mipsel_24kc_gcc-8.4.0_musl/usr/lib -L/home/runner/work/packages-compile/packages-compile/openwrt/staging_dir/toolchain-mipsel_24kc_gcc-8.4.0_musl/lib -Wl,-z,now -Wl,-z,relro'"     -installsuffix "softfloat"   -ldflags "-s -w  -buildid '1614449667' -linkmode external -extldflags '-L/home/runner/work/packages-compile/packages-compile/openwrt/staging_dir/toolchain-mipsel_24kc_gcc-8.4.0_musl/usr/lib -L/home/runner/work/packages-compile/packages-compile/openwrt/staging_dir/toolchain-mipsel_24kc_gcc-8.4.0_musl/lib -Wl,-z,now -Wl,-z,relro'"  
Finding targets

Building targets
../../gowebdav.go:10:5: no required module provides package golang.org/x/net/context; to add it:
	go get golang.org/x/net/context
../../gowebdav.go:11:5: no required module provides package golang.org/x/net/webdav; to add it:
	go get golang.org/x/net/webdav

make[2]: *** [Makefile:86: /home/runner/work/packages-compile/packages-compile/openwrt/build_dir/target-mipsel_24kc_musl/gowebdav-0.0.1/.built] Error 1
make[2]: Leaving directory '/home/runner/work/packages-compile/packages-compile/openwrt/feeds/custom/gowebdav'
time: package/feeds/custom/gowebdav/compile#0.52#0.24#0.57
    ERROR: package/feeds/custom/gowebdav failed to build.
make[1]: *** [package/Makefile:114: package/feeds/custom/gowebdav/compile] Error 1
make[1]: Leaving directory '/home/runner/work/packages-compile/packages-compile/openwrt'
make: *** [/home/runner/work/packages-compile/packages-compile/openwrt/include/toplevel.mk:222: package/luci-app-gowebdav/compile] Error 2
